\BOOKMARK [0][-]{chapter.1}{\376\377\000C\000o\000u\000r\000s\000e\000\040\000s\000c\000h\000e\000d\000u\000l\000e}{}% 1
\BOOKMARK [1][-]{section.1.1}{\376\377\000I\000n\000t\000r\000o\000d\000u\000c\000t\000i\000o\000n\000\040\000t\000o\000\040\000D\000a\000t\000a\000\040\000S\000c\000i\000e\000n\000c\000e}{chapter.1}% 2
\BOOKMARK [1][-]{section.1.2}{\376\377\000M\000a\000t\000h\000e\000m\000a\000t\000i\000c\000a\000l\000\040\000F\000o\000u\000n\000d\000a\000t\000i\000o\000n\000s}{chapter.1}% 3
\BOOKMARK [1][-]{section.1.3}{\376\377\000J\000u\000p\000y\000t\000e\000r}{chapter.1}% 4
\BOOKMARK [1][-]{section.1.4}{\376\377\000R\000e\000v\000i\000e\000w\000\040\000o\000f\000\040\000P\000y\000t\000h\000o\000n\000\040\000a\000n\000d\000\040\000p\000a\000n\000d\000a\000s}{chapter.1}% 5
\BOOKMARK [1][-]{section.1.5}{\376\377\000B\000e\000f\000o\000r\000e\000\040\000a\000n\000d\000\040\000A\000f\000t\000e\000r}{chapter.1}% 6
\BOOKMARK [1][-]{section.1.6}{\376\377\000S\000i\000n\000g\000l\000e\000-\000T\000a\000b\000l\000e\000\040\000V\000e\000r\000b\000s}{chapter.1}% 7
\BOOKMARK [1][-]{section.1.7}{\376\377\000A\000b\000s\000t\000r\000a\000c\000t\000i\000o\000n}{chapter.1}% 8
\BOOKMARK [1][-]{section.1.8}{\376\377\000V\000e\000r\000s\000i\000o\000n\000\040\000C\000o\000n\000t\000r\000o\000l}{chapter.1}% 9
\BOOKMARK [1][-]{section.1.9}{\376\377\000M\000a\000t\000h\000e\000m\000a\000t\000i\000c\000s\000\040\000a\000n\000d\000\040\000S\000t\000a\000t\000i\000s\000t\000i\000c\000s\000\040\000i\000n\000\040\000P\000y\000t\000h\000o\000n}{chapter.1}% 10
\BOOKMARK [1][-]{section.1.10}{\376\377\000V\000i\000s\000u\000a\000l\000i\000z\000a\000t\000i\000o\000n}{chapter.1}% 11
\BOOKMARK [1][-]{section.1.11}{\376\377\000P\000r\000o\000c\000e\000s\000s\000i\000n\000g\000\040\000t\000h\000e\000\040\000R\000o\000w\000s\000\040\000o\000f\000\040\000a\000\040\000D\000a\000t\000a\000F\000r\000a\000m\000e}{chapter.1}% 12
\BOOKMARK [1][-]{section.1.12}{\376\377\000C\000o\000n\000c\000a\000t\000e\000n\000a\000t\000i\000n\000g\000\040\000a\000n\000d\000\040\000M\000e\000r\000g\000i\000n\000g\000\040\000D\000a\000t\000a\000F\000r\000a\000m\000e\000s}{chapter.1}% 13
\BOOKMARK [1][-]{section.1.13}{\376\377\000M\000i\000s\000c\000e\000l\000l\000a\000n\000e\000o\000u\000s\000\040\000M\000u\000n\000g\000i\000n\000g\000\040\000M\000e\000t\000h\000o\000d\000s\000\040\000\050\000E\000T\000L\000\051}{chapter.1}% 14
\BOOKMARK [1][-]{section.1.14}{\376\377\000D\000a\000s\000h\000b\000o\000a\000r\000d\000s}{chapter.1}% 15
\BOOKMARK [1][-]{section.1.15}{\376\377\000R\000e\000l\000a\000t\000i\000o\000n\000s\000\040\000a\000s\000\040\000G\000r\000a\000p\000h\000s\000\040\000-\000\040\000N\000e\000t\000w\000o\000r\000k\000\040\000A\000n\000a\000l\000y\000s\000i\000s}{chapter.1}% 16
\BOOKMARK [1][-]{section.1.16}{\376\377\000R\000e\000l\000a\000t\000i\000o\000n\000s\000\040\000a\000s\000\040\000M\000a\000t\000r\000i\000c\000e\000s}{chapter.1}% 17
\BOOKMARK [1][-]{section.1.17}{\376\377\000I\000n\000t\000r\000o\000d\000u\000c\000t\000i\000o\000n\000\040\000t\000o\000\040\000M\000a\000c\000h\000i\000n\000e\000\040\000L\000e\000a\000r\000n\000i\000n\000g}{chapter.1}% 18
\BOOKMARK [1][-]{section.1.18}{\376\377\000B\000i\000g\000\040\000C\000h\000e\000a\000t\000\040\000S\000h\000e\000e\000t}{chapter.1}% 19
\BOOKMARK [1][-]{section.1.19}{\376\377\000A\000n\000a\000c\000o\000n\000d\000a\000\040\000I\000n\000s\000t\000a\000l\000l\000a\000t\000i\000o\000n}{chapter.1}% 20
\BOOKMARK [1][-]{section.1.20}{\376\377\000V\000S\000\040\000C\000o\000d\000e\000\040\000f\000o\000r\000\040\000P\000y\000t\000h\000o\000n\000\040\000I\000n\000s\000t\000a\000l\000l\000a\000t\000i\000o\000n}{chapter.1}% 21
\BOOKMARK [1][-]{section.1.21}{\376\377\000G\000B\0002\0001\0003\000\040\000R\000e\000v\000i\000e\000w\000\040\000i\000n\000\040\000P\000y\000t\000h\000o\000n}{chapter.1}% 22
